[2025-06-25T13:22:40.976+0000] {local_task_job_runner.py:123} INFO - ::group::Pre task execution logs
[2025-06-25T13:22:41.007+0000] {taskinstance.py:2613} INFO - Dependencies all met for dep_context=non-requeueable deps ti=<TaskInstance: sync_ds.sync_ds manual__2025-06-25T13:11:26.125725+00:00 [queued]>
[2025-06-25T13:22:41.018+0000] {taskinstance.py:2613} INFO - Dependencies all met for dep_context=requeueable deps ti=<TaskInstance: sync_ds.sync_ds manual__2025-06-25T13:11:26.125725+00:00 [queued]>
[2025-06-25T13:22:41.018+0000] {taskinstance.py:2866} INFO - Starting attempt 2 of 2
[2025-06-25T13:22:41.040+0000] {taskinstance.py:2889} INFO - Executing <Task(PythonOperator): sync_ds> on 2025-06-25 13:11:26.125725+00:00
[2025-06-25T13:22:41.053+0000] {warnings.py:112} WARNING - /home/***/.local/lib/python3.12/site-packages/***/task/task_runner/standard_task_runner.py:70: DeprecationWarning: This process (pid=158) is multi-threaded, use of fork() may lead to deadlocks in the child.
  pid = os.fork()

[2025-06-25T13:22:41.055+0000] {standard_task_runner.py:72} INFO - Started process 163 to run task
[2025-06-25T13:22:41.056+0000] {standard_task_runner.py:104} INFO - Running: ['***', 'tasks', 'run', 'sync_ds', 'sync_ds', 'manual__2025-06-25T13:11:26.125725+00:00', '--job-id', '8', '--raw', '--subdir', 'DAGS_FOLDER/dag_ds_etl.py', '--cfg-path', '/tmp/tmpvz432ofl']
[2025-06-25T13:22:41.060+0000] {standard_task_runner.py:105} INFO - Job 8: Subtask sync_ds
[2025-06-25T13:22:41.151+0000] {task_command.py:467} INFO - Running <TaskInstance: sync_ds.sync_ds manual__2025-06-25T13:11:26.125725+00:00 [running]> on host c6045225ec44
[2025-06-25T13:22:41.297+0000] {taskinstance.py:3132} INFO - Exporting env vars: AIRFLOW_CTX_DAG_OWNER='maxp' AIRFLOW_CTX_DAG_ID='sync_ds' AIRFLOW_CTX_TASK_ID='sync_ds' AIRFLOW_CTX_EXECUTION_DATE='2025-06-25T13:11:26.125725+00:00' AIRFLOW_CTX_TRY_NUMBER='2' AIRFLOW_CTX_DAG_RUN_ID='manual__2025-06-25T13:11:26.125725+00:00'
[2025-06-25T13:22:41.299+0000] {taskinstance.py:731} INFO - ::endgroup::
[2025-06-25T13:22:41.340+0000] {log.py:232} WARNING - 2025-06-25 13:22:41,339 [INFO] etl.stages: === Начало процесса синхронизации DS ===
[2025-06-25T13:22:41.339+0000] {stages.py:119} INFO - === Начало процесса синхронизации DS ===
[2025-06-25T13:22:41.340+0000] {log.py:232} WARNING - 2025-06-25 13:22:41,340 [INFO] etl.stages: Начало: 2025-06-25 13:22:41
[2025-06-25T13:22:41.340+0000] {stages.py:121} INFO - Начало: 2025-06-25 13:22:41
[2025-06-25T13:22:46.341+0000] {log.py:232} WARNING - 2025-06-25 13:22:46,341 [INFO] db_utils.check_postges: Проверка/создание БД 'project', схемы 'ds', и таблиц из 'db_utils/ds_tables.sql'
[2025-06-25T13:22:46.341+0000] {check_postges.py:63} INFO - Проверка/создание БД 'project', схемы 'ds', и таблиц из 'db_utils/ds_tables.sql'
[2025-06-25T13:22:46.355+0000] {log.py:232} WARNING - 2025-06-25 13:22:46,355 [INFO] db_utils.check_postges: Проверка существования базы данных 'project'
[2025-06-25T13:22:46.355+0000] {check_postges.py:13} INFO - Проверка существования базы данных 'project'
[2025-06-25T13:22:46.371+0000] {log.py:232} WARNING - 2025-06-25 13:22:46,371 [INFO] db_utils.check_postges: База данных 'project' уже существует.
[2025-06-25T13:22:46.371+0000] {check_postges.py:22} INFO - База данных 'project' уже существует.
[2025-06-25T13:22:46.385+0000] {log.py:232} WARNING - 2025-06-25 13:22:46,384 [INFO] db_utils.check_postges: Создаю схему 'ds' в базе 'project' (если она отсутствует)
[2025-06-25T13:22:46.384+0000] {check_postges.py:33} INFO - Создаю схему 'ds' в базе 'project' (если она отсутствует)
[2025-06-25T13:22:46.388+0000] {log.py:232} WARNING - 2025-06-25 13:22:46,388 [INFO] db_utils.check_postges: Схема 'ds' готова.
[2025-06-25T13:22:46.388+0000] {check_postges.py:35} INFO - Схема 'ds' готова.
[2025-06-25T13:22:46.402+0000] {log.py:232} WARNING - 2025-06-25 13:22:46,402 [INFO] db_utils.check_postges: Читаю SQL из файла 'db_utils/ds_tables.sql'
[2025-06-25T13:22:46.402+0000] {check_postges.py:46} INFO - Читаю SQL из файла 'db_utils/ds_tables.sql'
[2025-06-25T13:22:46.403+0000] {log.py:232} WARNING - 2025-06-25 13:22:46,403 [INFO] db_utils.check_postges: Выполняю SQL для создания таблиц
[2025-06-25T13:22:46.403+0000] {check_postges.py:50} INFO - Выполняю SQL для создания таблиц
[2025-06-25T13:22:46.406+0000] {log.py:232} WARNING - 2025-06-25 13:22:46,406 [INFO] db_utils.check_postges: Таблицы успешно созданы.
[2025-06-25T13:22:46.406+0000] {check_postges.py:53} INFO - Таблицы успешно созданы.
[2025-06-25T13:22:46.407+0000] {log.py:232} WARNING - 2025-06-25 13:22:46,407 [INFO] etl.stages: Начало обновления таблиц в схеме 'ds' БД 'project'
[2025-06-25T13:22:46.407+0000] {stages.py:64} INFO - Начало обновления таблиц в схеме 'ds' БД 'project'
[2025-06-25T13:22:46.587+0000] {log.py:232} WARNING - 2025-06-25 13:22:46,587 [INFO] etl.stages: Данные из csv успешно загружены: ['ft_balance_f', 'ft_posting_f', 'md_account_d', 'md_currency_d', 'md_exchange_rate_d', 'md_ledger_account_s']
[2025-06-25T13:22:46.587+0000] {stages.py:69} INFO - Данные из csv успешно загружены: ['ft_balance_f', 'ft_posting_f', 'md_account_d', 'md_currency_d', 'md_exchange_rate_d', 'md_ledger_account_s']
[2025-06-25T13:22:46.588+0000] {log.py:232} WARNING - 2025-06-25 13:22:46,588 [INFO] etl.stages: Truncate таблицы ds.ft_posting_f перед полной загрузкой
[2025-06-25T13:22:46.588+0000] {stages.py:73} INFO - Truncate таблицы ds.ft_posting_f перед полной загрузкой
[2025-06-25T13:22:46.605+0000] {log.py:232} WARNING - 2025-06-25 13:22:46,605 [INFO] etl.stages: Таблица успешно очищена.
[2025-06-25T13:22:46.605+0000] {stages.py:79} INFO - Таблица успешно очищена.
[2025-06-25T13:22:46.607+0000] {log.py:232} WARNING - 2025-06-25 13:22:46,607 [INFO] etl.stages: Вставка данных в ft_posting_f
[2025-06-25T13:22:46.607+0000] {stages.py:88} INFO - Вставка данных в ft_posting_f
[2025-06-25T13:22:57.309+0000] {log.py:232} WARNING - 2025-06-25 13:22:57,309 [INFO] etl.stages: Загрузка данных в ft_posting_f завершена.
[2025-06-25T13:22:57.309+0000] {stages.py:90} INFO - Загрузка данных в ft_posting_f завершена.
[2025-06-25T13:22:57.310+0000] {log.py:232} WARNING - 2025-06-25 13:22:57,310 [INFO] etl.stages: Обновление данных в ds.ft_balance_f с помощью upsert
[2025-06-25T13:22:57.310+0000] {stages.py:99} INFO - Обновление данных в ds.ft_balance_f с помощью upsert
[2025-06-25T13:22:57.327+0000] {log.py:232} WARNING - 2025-06-25 13:22:57,326 [INFO] utils.writers: Загрузка/обновление данных в ds.ft_balance_f
[2025-06-25T13:22:57.326+0000] {writers.py:50} INFO - Загрузка/обновление данных в ds.ft_balance_f
[2025-06-25T13:22:57.350+0000] {log.py:232} WARNING - 2025-06-25 13:22:57,349 [INFO] utils.writers: Успешно обновлено 114 строк в ds.ft_balance_f
[2025-06-25T13:22:57.349+0000] {writers.py:53} INFO - Успешно обновлено 114 строк в ds.ft_balance_f
[2025-06-25T13:22:57.352+0000] {log.py:232} WARNING - 2025-06-25 13:22:57,352 [INFO] etl.stages: Данные успешно обновлены в ds.ft_balance_f
[2025-06-25T13:22:57.352+0000] {stages.py:108} INFO - Данные успешно обновлены в ds.ft_balance_f
[2025-06-25T13:22:57.354+0000] {log.py:232} WARNING - 2025-06-25 13:22:57,354 [INFO] etl.stages: Обновление данных в ds.md_account_d с помощью upsert
[2025-06-25T13:22:57.354+0000] {stages.py:99} INFO - Обновление данных в ds.md_account_d с помощью upsert
[2025-06-25T13:22:57.371+0000] {log.py:232} WARNING - 2025-06-25 13:22:57,371 [INFO] utils.writers: Загрузка/обновление данных в ds.md_account_d
[2025-06-25T13:22:57.371+0000] {writers.py:50} INFO - Загрузка/обновление данных в ds.md_account_d
[2025-06-25T13:22:57.389+0000] {log.py:232} WARNING - 2025-06-25 13:22:57,389 [INFO] utils.writers: Успешно обновлено 112 строк в ds.md_account_d
[2025-06-25T13:22:57.389+0000] {writers.py:53} INFO - Успешно обновлено 112 строк в ds.md_account_d
[2025-06-25T13:22:57.391+0000] {log.py:232} WARNING - 2025-06-25 13:22:57,391 [INFO] etl.stages: Данные успешно обновлены в ds.md_account_d
[2025-06-25T13:22:57.391+0000] {stages.py:108} INFO - Данные успешно обновлены в ds.md_account_d
[2025-06-25T13:22:57.392+0000] {log.py:232} WARNING - 2025-06-25 13:22:57,392 [INFO] etl.stages: Обновление данных в ds.md_currency_d с помощью upsert
[2025-06-25T13:22:57.392+0000] {stages.py:99} INFO - Обновление данных в ds.md_currency_d с помощью upsert
[2025-06-25T13:22:57.409+0000] {log.py:232} WARNING - 2025-06-25 13:22:57,409 [INFO] utils.writers: Загрузка/обновление данных в ds.md_currency_d
[2025-06-25T13:22:57.409+0000] {writers.py:50} INFO - Загрузка/обновление данных в ds.md_currency_d
[2025-06-25T13:22:57.417+0000] {log.py:232} WARNING - 2025-06-25 13:22:57,417 [INFO] utils.writers: Успешно обновлено 50 строк в ds.md_currency_d
[2025-06-25T13:22:57.417+0000] {writers.py:53} INFO - Успешно обновлено 50 строк в ds.md_currency_d
[2025-06-25T13:22:57.418+0000] {log.py:232} WARNING - 2025-06-25 13:22:57,418 [INFO] etl.stages: Данные успешно обновлены в ds.md_currency_d
[2025-06-25T13:22:57.418+0000] {stages.py:108} INFO - Данные успешно обновлены в ds.md_currency_d
[2025-06-25T13:22:57.419+0000] {log.py:232} WARNING - 2025-06-25 13:22:57,419 [INFO] etl.stages: Обновление данных в ds.md_exchange_rate_d с помощью upsert
[2025-06-25T13:22:57.419+0000] {stages.py:99} INFO - Обновление данных в ds.md_exchange_rate_d с помощью upsert
[2025-06-25T13:22:57.434+0000] {log.py:232} WARNING - 2025-06-25 13:22:57,434 [INFO] utils.writers: Загрузка/обновление данных в ds.md_exchange_rate_d
[2025-06-25T13:22:57.434+0000] {writers.py:50} INFO - Загрузка/обновление данных в ds.md_exchange_rate_d
[2025-06-25T13:22:57.469+0000] {log.py:232} WARNING - 2025-06-25 13:22:57,469 [INFO] utils.writers: Успешно обновлено 460 строк в ds.md_exchange_rate_d
[2025-06-25T13:22:57.469+0000] {writers.py:53} INFO - Успешно обновлено 460 строк в ds.md_exchange_rate_d
[2025-06-25T13:22:57.470+0000] {log.py:232} WARNING - 2025-06-25 13:22:57,470 [INFO] etl.stages: Данные успешно обновлены в ds.md_exchange_rate_d
[2025-06-25T13:22:57.470+0000] {stages.py:108} INFO - Данные успешно обновлены в ds.md_exchange_rate_d
[2025-06-25T13:22:57.471+0000] {log.py:232} WARNING - 2025-06-25 13:22:57,471 [INFO] etl.stages: Обновление данных в ds.md_ledger_account_s с помощью upsert
[2025-06-25T13:22:57.471+0000] {stages.py:99} INFO - Обновление данных в ds.md_ledger_account_s с помощью upsert
[2025-06-25T13:22:57.483+0000] {log.py:232} WARNING - 2025-06-25 13:22:57,483 [INFO] utils.writers: Загрузка/обновление данных в ds.md_ledger_account_s
[2025-06-25T13:22:57.483+0000] {writers.py:50} INFO - Загрузка/обновление данных в ds.md_ledger_account_s
[2025-06-25T13:22:57.491+0000] {log.py:232} WARNING - 2025-06-25 13:22:57,491 [INFO] utils.writers: Успешно обновлено 18 строк в ds.md_ledger_account_s
[2025-06-25T13:22:57.491+0000] {writers.py:53} INFO - Успешно обновлено 18 строк в ds.md_ledger_account_s
[2025-06-25T13:22:57.492+0000] {log.py:232} WARNING - 2025-06-25 13:22:57,492 [INFO] etl.stages: Данные успешно обновлены в ds.md_ledger_account_s
[2025-06-25T13:22:57.492+0000] {stages.py:108} INFO - Данные успешно обновлены в ds.md_ledger_account_s
[2025-06-25T13:22:57.493+0000] {log.py:232} WARNING - 2025-06-25 13:22:57,493 [INFO] etl.stages: Обновление всех таблиц завершено за 11.08 секунд.
[2025-06-25T13:22:57.493+0000] {stages.py:115} INFO - Обновление всех таблиц завершено за 11.08 секунд.
[2025-06-25T13:22:57.494+0000] {log.py:232} WARNING - 2025-06-25 13:22:57,494 [INFO] etl.stages: Окончание: 2025-06-25 13:22:57
[2025-06-25T13:22:57.494+0000] {stages.py:128} INFO - Окончание: 2025-06-25 13:22:57
[2025-06-25T13:22:57.495+0000] {log.py:232} WARNING - 2025-06-25 13:22:57,495 [INFO] etl.stages: Длительность: 0:00:16.153304
[2025-06-25T13:22:57.495+0000] {stages.py:129} INFO - Длительность: 0:00:16.153304
[2025-06-25T13:22:57.495+0000] {log.py:232} WARNING - 2025-06-25 13:22:57,495 [INFO] etl.stages: === Конец процесса ===
[2025-06-25T13:22:57.495+0000] {stages.py:130} INFO - === Конец процесса ===
[2025-06-25T13:22:57.496+0000] {python.py:240} INFO - Done. Returned value was: None
[2025-06-25T13:22:57.519+0000] {taskinstance.py:340} INFO - ::group::Post task execution logs
[2025-06-25T13:22:57.520+0000] {taskinstance.py:352} INFO - Marking task as SUCCESS. dag_id=sync_ds, task_id=sync_ds, run_id=manual__2025-06-25T13:11:26.125725+00:00, execution_date=20250625T131126, start_date=20250625T132241, end_date=20250625T132257
[2025-06-25T13:22:57.583+0000] {local_task_job_runner.py:266} INFO - Task exited with return code 0
[2025-06-25T13:22:57.611+0000] {taskinstance.py:3895} INFO - 0 downstream tasks scheduled from follow-on schedule check
[2025-06-25T13:22:57.613+0000] {local_task_job_runner.py:245} INFO - ::endgroup::
