[2025-06-25T15:00:02.868+0000] {local_task_job_runner.py:123} INFO - ::group::Pre task execution logs
[2025-06-25T15:00:02.898+0000] {taskinstance.py:2613} INFO - Dependencies all met for dep_context=non-requeueable deps ti=<TaskInstance: sync_ds.sync_ds scheduled__2025-06-25T14:00:00+00:00 [queued]>
[2025-06-25T15:00:02.911+0000] {taskinstance.py:2613} INFO - Dependencies all met for dep_context=requeueable deps ti=<TaskInstance: sync_ds.sync_ds scheduled__2025-06-25T14:00:00+00:00 [queued]>
[2025-06-25T15:00:02.912+0000] {taskinstance.py:2866} INFO - Starting attempt 1 of 2
[2025-06-25T15:00:02.931+0000] {taskinstance.py:2889} INFO - Executing <Task(PythonOperator): sync_ds> on 2025-06-25 14:00:00+00:00
[2025-06-25T15:00:02.942+0000] {warnings.py:112} WARNING - /home/***/.local/lib/python3.12/site-packages/***/task/task_runner/standard_task_runner.py:70: DeprecationWarning: This process (pid=473) is multi-threaded, use of fork() may lead to deadlocks in the child.
  pid = os.fork()

[2025-06-25T15:00:02.945+0000] {standard_task_runner.py:72} INFO - Started process 475 to run task
[2025-06-25T15:00:02.946+0000] {standard_task_runner.py:104} INFO - Running: ['***', 'tasks', 'run', 'sync_ds', 'sync_ds', 'scheduled__2025-06-25T14:00:00+00:00', '--job-id', '12', '--raw', '--subdir', 'DAGS_FOLDER/dag_ds_etl.py', '--cfg-path', '/tmp/tmp7ld8pctc']
[2025-06-25T15:00:02.950+0000] {standard_task_runner.py:105} INFO - Job 12: Subtask sync_ds
[2025-06-25T15:00:03.034+0000] {task_command.py:467} INFO - Running <TaskInstance: sync_ds.sync_ds scheduled__2025-06-25T14:00:00+00:00 [running]> on host 555ff94750ca
[2025-06-25T15:00:03.184+0000] {taskinstance.py:3132} INFO - Exporting env vars: AIRFLOW_CTX_DAG_OWNER='maxp' AIRFLOW_CTX_DAG_ID='sync_ds' AIRFLOW_CTX_TASK_ID='sync_ds' AIRFLOW_CTX_EXECUTION_DATE='2025-06-25T14:00:00+00:00' AIRFLOW_CTX_TRY_NUMBER='1' AIRFLOW_CTX_DAG_RUN_ID='scheduled__2025-06-25T14:00:00+00:00'
[2025-06-25T15:00:03.186+0000] {taskinstance.py:731} INFO - ::endgroup::
[2025-06-25T15:00:03.232+0000] {log.py:232} WARNING - 2025-06-25 15:00:03,232 [INFO] etl.stages: === Начало процесса синхронизации DS ===
[2025-06-25T15:00:03.232+0000] {stages.py:119} INFO - === Начало процесса синхронизации DS ===
[2025-06-25T15:00:03.233+0000] {log.py:232} WARNING - 2025-06-25 15:00:03,233 [INFO] etl.stages: Начало: 2025-06-25 15:00:03
[2025-06-25T15:00:03.233+0000] {stages.py:121} INFO - Начало: 2025-06-25 15:00:03
[2025-06-25T15:00:08.240+0000] {log.py:232} WARNING - 2025-06-25 15:00:08,239 [INFO] db_utils.check_postges: Проверка/создание БД 'project', схемы 'ds', и таблиц из 'db_utils/ds_tables.sql'
[2025-06-25T15:00:08.239+0000] {check_postges.py:63} INFO - Проверка/создание БД 'project', схемы 'ds', и таблиц из 'db_utils/ds_tables.sql'
[2025-06-25T15:00:08.252+0000] {log.py:232} WARNING - 2025-06-25 15:00:08,252 [INFO] db_utils.check_postges: Проверка существования базы данных 'project'
[2025-06-25T15:00:08.252+0000] {check_postges.py:13} INFO - Проверка существования базы данных 'project'
[2025-06-25T15:00:08.254+0000] {log.py:232} WARNING - 2025-06-25 15:00:08,254 [INFO] db_utils.check_postges: База данных 'project' уже существует.
[2025-06-25T15:00:08.254+0000] {check_postges.py:22} INFO - База данных 'project' уже существует.
[2025-06-25T15:00:08.266+0000] {log.py:232} WARNING - 2025-06-25 15:00:08,265 [INFO] db_utils.check_postges: Создаю схему 'ds' в базе 'project' (если она отсутствует)
[2025-06-25T15:00:08.265+0000] {check_postges.py:33} INFO - Создаю схему 'ds' в базе 'project' (если она отсутствует)
[2025-06-25T15:00:08.268+0000] {log.py:232} WARNING - 2025-06-25 15:00:08,268 [INFO] db_utils.check_postges: Схема 'ds' готова.
[2025-06-25T15:00:08.268+0000] {check_postges.py:35} INFO - Схема 'ds' готова.
[2025-06-25T15:00:08.280+0000] {log.py:232} WARNING - 2025-06-25 15:00:08,279 [INFO] db_utils.check_postges: Читаю SQL из файла 'db_utils/ds_tables.sql'
[2025-06-25T15:00:08.279+0000] {check_postges.py:46} INFO - Читаю SQL из файла 'db_utils/ds_tables.sql'
[2025-06-25T15:00:08.281+0000] {log.py:232} WARNING - 2025-06-25 15:00:08,281 [INFO] db_utils.check_postges: Выполняю SQL для создания таблиц
[2025-06-25T15:00:08.281+0000] {check_postges.py:50} INFO - Выполняю SQL для создания таблиц
[2025-06-25T15:00:08.282+0000] {log.py:232} WARNING - 2025-06-25 15:00:08,282 [INFO] db_utils.check_postges: Таблицы успешно созданы.
[2025-06-25T15:00:08.282+0000] {check_postges.py:53} INFO - Таблицы успешно созданы.
[2025-06-25T15:00:08.283+0000] {log.py:232} WARNING - 2025-06-25 15:00:08,283 [INFO] etl.stages: Начало обновления таблиц в схеме 'ds' БД 'project'
[2025-06-25T15:00:08.283+0000] {stages.py:64} INFO - Начало обновления таблиц в схеме 'ds' БД 'project'
[2025-06-25T15:00:08.430+0000] {log.py:232} WARNING - 2025-06-25 15:00:08,430 [INFO] etl.stages: Данные из csv успешно загружены: ['ft_balance_f', 'ft_posting_f', 'md_account_d', 'md_currency_d', 'md_exchange_rate_d', 'md_ledger_account_s']
[2025-06-25T15:00:08.430+0000] {stages.py:69} INFO - Данные из csv успешно загружены: ['ft_balance_f', 'ft_posting_f', 'md_account_d', 'md_currency_d', 'md_exchange_rate_d', 'md_ledger_account_s']
[2025-06-25T15:00:08.431+0000] {log.py:232} WARNING - 2025-06-25 15:00:08,431 [INFO] etl.stages: Truncate таблицы ds.ft_posting_f перед полной загрузкой
[2025-06-25T15:00:08.431+0000] {stages.py:73} INFO - Truncate таблицы ds.ft_posting_f перед полной загрузкой
[2025-06-25T15:00:08.445+0000] {log.py:232} WARNING - 2025-06-25 15:00:08,445 [INFO] etl.stages: Таблица успешно очищена.
[2025-06-25T15:00:08.445+0000] {stages.py:79} INFO - Таблица успешно очищена.
[2025-06-25T15:00:08.446+0000] {log.py:232} WARNING - 2025-06-25 15:00:08,446 [INFO] etl.stages: Вставка данных в ft_posting_f
[2025-06-25T15:00:08.446+0000] {stages.py:88} INFO - Вставка данных в ft_posting_f
[2025-06-25T15:00:16.050+0000] {log.py:232} WARNING - 2025-06-25 15:00:16,050 [INFO] etl.stages: Загрузка данных в ft_posting_f завершена.
[2025-06-25T15:00:16.050+0000] {stages.py:90} INFO - Загрузка данных в ft_posting_f завершена.
[2025-06-25T15:00:16.051+0000] {log.py:232} WARNING - 2025-06-25 15:00:16,051 [INFO] etl.stages: Обновление данных в ds.ft_balance_f с помощью upsert
[2025-06-25T15:00:16.051+0000] {stages.py:99} INFO - Обновление данных в ds.ft_balance_f с помощью upsert
[2025-06-25T15:00:16.063+0000] {log.py:232} WARNING - 2025-06-25 15:00:16,063 [INFO] utils.writers: Загрузка/обновление данных в ds.ft_balance_f
[2025-06-25T15:00:16.063+0000] {writers.py:50} INFO - Загрузка/обновление данных в ds.ft_balance_f
[2025-06-25T15:00:16.075+0000] {log.py:232} WARNING - 2025-06-25 15:00:16,075 [INFO] utils.writers: Успешно обновлено 114 строк в ds.ft_balance_f
[2025-06-25T15:00:16.075+0000] {writers.py:53} INFO - Успешно обновлено 114 строк в ds.ft_balance_f
[2025-06-25T15:00:16.077+0000] {log.py:232} WARNING - 2025-06-25 15:00:16,076 [INFO] etl.stages: Данные успешно обновлены в ds.ft_balance_f
[2025-06-25T15:00:16.076+0000] {stages.py:108} INFO - Данные успешно обновлены в ds.ft_balance_f
[2025-06-25T15:00:16.077+0000] {log.py:232} WARNING - 2025-06-25 15:00:16,077 [INFO] etl.stages: Обновление данных в ds.md_account_d с помощью upsert
[2025-06-25T15:00:16.077+0000] {stages.py:99} INFO - Обновление данных в ds.md_account_d с помощью upsert
[2025-06-25T15:00:16.089+0000] {log.py:232} WARNING - 2025-06-25 15:00:16,089 [INFO] utils.writers: Загрузка/обновление данных в ds.md_account_d
[2025-06-25T15:00:16.089+0000] {writers.py:50} INFO - Загрузка/обновление данных в ds.md_account_d
[2025-06-25T15:00:16.103+0000] {log.py:232} WARNING - 2025-06-25 15:00:16,103 [INFO] utils.writers: Успешно обновлено 112 строк в ds.md_account_d
[2025-06-25T15:00:16.103+0000] {writers.py:53} INFO - Успешно обновлено 112 строк в ds.md_account_d
[2025-06-25T15:00:16.104+0000] {log.py:232} WARNING - 2025-06-25 15:00:16,104 [INFO] etl.stages: Данные успешно обновлены в ds.md_account_d
[2025-06-25T15:00:16.104+0000] {stages.py:108} INFO - Данные успешно обновлены в ds.md_account_d
[2025-06-25T15:00:16.104+0000] {log.py:232} WARNING - 2025-06-25 15:00:16,104 [INFO] etl.stages: Обновление данных в ds.md_currency_d с помощью upsert
[2025-06-25T15:00:16.104+0000] {stages.py:99} INFO - Обновление данных в ds.md_currency_d с помощью upsert
[2025-06-25T15:00:16.117+0000] {log.py:232} WARNING - 2025-06-25 15:00:16,115 [INFO] utils.writers: Загрузка/обновление данных в ds.md_currency_d
[2025-06-25T15:00:16.115+0000] {writers.py:50} INFO - Загрузка/обновление данных в ds.md_currency_d
[2025-06-25T15:00:16.123+0000] {log.py:232} WARNING - 2025-06-25 15:00:16,123 [INFO] utils.writers: Успешно обновлено 50 строк в ds.md_currency_d
[2025-06-25T15:00:16.123+0000] {writers.py:53} INFO - Успешно обновлено 50 строк в ds.md_currency_d
[2025-06-25T15:00:16.124+0000] {log.py:232} WARNING - 2025-06-25 15:00:16,124 [INFO] etl.stages: Данные успешно обновлены в ds.md_currency_d
[2025-06-25T15:00:16.124+0000] {stages.py:108} INFO - Данные успешно обновлены в ds.md_currency_d
[2025-06-25T15:00:16.125+0000] {log.py:232} WARNING - 2025-06-25 15:00:16,125 [INFO] etl.stages: Обновление данных в ds.md_exchange_rate_d с помощью upsert
[2025-06-25T15:00:16.125+0000] {stages.py:99} INFO - Обновление данных в ds.md_exchange_rate_d с помощью upsert
[2025-06-25T15:00:16.138+0000] {log.py:232} WARNING - 2025-06-25 15:00:16,138 [INFO] utils.writers: Загрузка/обновление данных в ds.md_exchange_rate_d
[2025-06-25T15:00:16.138+0000] {writers.py:50} INFO - Загрузка/обновление данных в ds.md_exchange_rate_d
[2025-06-25T15:00:16.167+0000] {log.py:232} WARNING - 2025-06-25 15:00:16,167 [INFO] utils.writers: Успешно обновлено 460 строк в ds.md_exchange_rate_d
[2025-06-25T15:00:16.167+0000] {writers.py:53} INFO - Успешно обновлено 460 строк в ds.md_exchange_rate_d
[2025-06-25T15:00:16.169+0000] {log.py:232} WARNING - 2025-06-25 15:00:16,169 [INFO] etl.stages: Данные успешно обновлены в ds.md_exchange_rate_d
[2025-06-25T15:00:16.169+0000] {stages.py:108} INFO - Данные успешно обновлены в ds.md_exchange_rate_d
[2025-06-25T15:00:16.169+0000] {log.py:232} WARNING - 2025-06-25 15:00:16,169 [INFO] etl.stages: Обновление данных в ds.md_ledger_account_s с помощью upsert
[2025-06-25T15:00:16.169+0000] {stages.py:99} INFO - Обновление данных в ds.md_ledger_account_s с помощью upsert
[2025-06-25T15:00:16.181+0000] {log.py:232} WARNING - 2025-06-25 15:00:16,180 [INFO] utils.writers: Загрузка/обновление данных в ds.md_ledger_account_s
[2025-06-25T15:00:16.180+0000] {writers.py:50} INFO - Загрузка/обновление данных в ds.md_ledger_account_s
[2025-06-25T15:00:16.188+0000] {log.py:232} WARNING - 2025-06-25 15:00:16,188 [INFO] utils.writers: Успешно обновлено 18 строк в ds.md_ledger_account_s
[2025-06-25T15:00:16.188+0000] {writers.py:53} INFO - Успешно обновлено 18 строк в ds.md_ledger_account_s
[2025-06-25T15:00:16.189+0000] {log.py:232} WARNING - 2025-06-25 15:00:16,189 [INFO] etl.stages: Данные успешно обновлены в ds.md_ledger_account_s
[2025-06-25T15:00:16.189+0000] {stages.py:108} INFO - Данные успешно обновлены в ds.md_ledger_account_s
[2025-06-25T15:00:16.190+0000] {log.py:232} WARNING - 2025-06-25 15:00:16,190 [INFO] etl.stages: Обновление всех таблиц завершено за 7.91 секунд.
[2025-06-25T15:00:16.190+0000] {stages.py:115} INFO - Обновление всех таблиц завершено за 7.91 секунд.
[2025-06-25T15:00:16.191+0000] {log.py:232} WARNING - 2025-06-25 15:00:16,191 [INFO] etl.stages: Окончание: 2025-06-25 15:00:16
[2025-06-25T15:00:16.191+0000] {stages.py:128} INFO - Окончание: 2025-06-25 15:00:16
[2025-06-25T15:00:16.192+0000] {log.py:232} WARNING - 2025-06-25 15:00:16,192 [INFO] etl.stages: Длительность: 0:00:12.957784
[2025-06-25T15:00:16.192+0000] {stages.py:129} INFO - Длительность: 0:00:12.957784
[2025-06-25T15:00:16.192+0000] {log.py:232} WARNING - 2025-06-25 15:00:16,192 [INFO] etl.stages: === Конец процесса ===
[2025-06-25T15:00:16.192+0000] {stages.py:130} INFO - === Конец процесса ===
[2025-06-25T15:00:16.193+0000] {python.py:240} INFO - Done. Returned value was: None
[2025-06-25T15:00:16.214+0000] {taskinstance.py:340} INFO - ::group::Post task execution logs
[2025-06-25T15:00:16.214+0000] {taskinstance.py:352} INFO - Marking task as SUCCESS. dag_id=sync_ds, task_id=sync_ds, run_id=scheduled__2025-06-25T14:00:00+00:00, execution_date=20250625T140000, start_date=20250625T150002, end_date=20250625T150016
[2025-06-25T15:00:16.280+0000] {local_task_job_runner.py:266} INFO - Task exited with return code 0
[2025-06-25T15:00:16.307+0000] {taskinstance.py:3895} INFO - 0 downstream tasks scheduled from follow-on schedule check
[2025-06-25T15:00:16.310+0000] {local_task_job_runner.py:245} INFO - ::endgroup::
